[debug] [2021-06-23T13:59:54.114Z] ----------------------------------------------------------------------
[debug] [2021-06-23T13:59:54.118Z] Command:       C:\Program Files (x86)\nodejs\node.exe C:\Users\user\AppData\Roaming\npm\node_modules\firebase-tools\lib\bin\firebase.js init
[debug] [2021-06-23T13:59:54.118Z] CLI Version:   9.14.0
[debug] [2021-06-23T13:59:54.118Z] Platform:      win32
[debug] [2021-06-23T13:59:54.118Z] Node Version:  v14.17.0
[debug] [2021-06-23T13:59:54.120Z] Time:          Wed Jun 23 2021 20:59:54 GMT+0700 (Western Indonesia Time)
[debug] [2021-06-23T13:59:54.120Z] ----------------------------------------------------------------------
[debug] 
[debug] [2021-06-23T13:59:54.130Z] > command requires scopes: ["email","openid","https://www.googleapis.com/auth/cloudplatformprojects.readonly","https://www.googleapis.com/auth/firebase","https://www.googleapis.com/auth/cloud-platform"]
[debug] [2021-06-23T13:59:54.131Z] > authorizing via signed-in user (muktiag290998@gmail.com)
[info] 
     ######## #### ########  ######## ########     ###     ######  ########
     ##        ##  ##     ## ##       ##     ##  ##   ##  ##       ##
     ######    ##  ########  ######   ########  #########  ######  ######
     ##        ##  ##    ##  ##       ##     ## ##     ##       ## ##
     ##       #### ##     ## ######## ########  ##     ##  ######  ########

You're about to initialize a Firebase project in this directory:

  C:\Users\user\Desktop\berkas\anniv\client-side

Before we get started, keep in mind:

  * You are initializing within an existing Firebase project directory

[info] 
=== Project Setup
[info] 
[info] First, let's associate this project directory with a Firebase project.
[info] You can create multiple project aliases by running firebase use --add, 
[info] but for now we'll just set up a default project.
[info] 
[info] i  .firebaserc already has a default project, using muktidian. 
[debug] [2021-06-23T13:59:59.626Z] > refreshing access token with scopes: []
[debug] [2021-06-23T13:59:59.626Z] >>> HTTP REQUEST POST https://www.googleapis.com/oauth2/v3/token  
 <request body omitted>
[debug] [2021-06-23T13:59:59.775Z] <<< HTTP RESPONSE 200 {"cache-control":"no-cache, no-store, max-age=0, must-revalidate","pragma":"no-cache","date":"Wed, 23 Jun 2021 14:00:06 GMT","expires":"Mon, 01 Jan 1990 00:00:00 GMT","content-type":"application/json; charset=utf-8","vary":"X-Origin, Referer, Origin,Accept-Encoding","server":"scaffolding on HTTPServer2","x-xss-protection":"0","x-frame-options":"SAMEORIGIN","x-content-type-options":"nosniff","alt-svc":"h3=\":443\"; ma=2592000,h3-29=\":443\"; ma=2592000,h3-T051=\":443\"; ma=2592000,h3-Q050=\":443\"; ma=2592000,h3-Q046=\":443\"; ma=2592000,h3-Q043=\":443\"; ma=2592000,quic=\":443\"; ma=2592000; v=\"46,43\"","accept-ranges":"none","transfer-encoding":"chunked"}
[debug] [2021-06-23T13:59:59.797Z] >>> [apiv2][query] GET https://firebase.googleapis.com/v1beta1/projects/muktidian [none]
[debug] [2021-06-23T14:00:00.119Z] <<< [apiv2][status] GET https://firebase.googleapis.com/v1beta1/projects/muktidian 200
[debug] [2021-06-23T14:00:00.119Z] <<< [apiv2][body] GET https://firebase.googleapis.com/v1beta1/projects/muktidian {"projectId":"muktidian","projectNumber":"154320750746","displayName":"muktidian","name":"projects/muktidian","resources":{"hostingSite":"muktidian"},"state":"ACTIVE"}
[info] 
=== Hosting:github Setup
[info] 
[info] i  Detected a .git folder at C:\Users\user\Desktop\berkas\anniv\client-side 
[info] i  Authorizing with GitHub to upload your service account to a GitHub repository's secrets store. 
[info] 
[info] Visit this URL on this device to log in:
[info] https://github.com/login/oauth/authorize?client_id=89cf50f02ac6aaed3484&state=361583065&redirect_uri=http%3A%2F%2Flocalhost%3A9005&scope=read%3Auser%20repo%20public_repo
[info] 
[info] Waiting for authentication...
[debug] [2021-06-23T14:00:08.724Z] >>> HTTP REQUEST POST https://github.com/login/oauth/access_token  
 {"client_id":"89cf50f02ac6aaed3484","client_secret":"3330d14abc895d9a74d5f17cd7a00711fa2c5bf0","code":"793476160c8aff7f5de5","redirect_uri":"http://localhost:9005","state":"361583065"}
[debug] [2021-06-23T14:00:09.192Z] <<< HTTP RESPONSE 200 {"server":"GitHub.com","date":"Wed, 23 Jun 2021 14:00:15 GMT","content-type":"application/json; charset=utf-8","transfer-encoding":"chunked","vary":"X-PJAX, Accept-Encoding, Accept, X-Requested-With","permissions-policy":"interest-cohort=()","etag":"W/\"60ca9c1d197198fb275448f3aa887551\"","cache-control":"max-age=0, private, must-revalidate","strict-transport-security":"max-age=31536000; includeSubdomains; preload","x-frame-options":"deny","x-content-type-options":"nosniff","x-xss-protection":"0","referrer-policy":"origin-when-cross-origin, strict-origin-when-cross-origin","expect-ct":"max-age=2592000, report-uri=\"https://api.github.com/_private/browser/errors\"","content-security-policy":"default-src 'none'; base-uri 'self'; block-all-mixed-content; connect-src 'self' uploads.github.com www.githubstatus.com collector.githubapp.com api.github.com github-cloud.s3.amazonaws.com github-production-repository-file-5c1aeb.s3.amazonaws.com github-production-upload-manifest-file-7fdce7.s3.amazonaws.com github-production-user-asset-6210df.s3.amazonaws.com cdn.optimizely.com logx.optimizely.com/v1/events translator.github.com wss://alive.github.com; font-src github.githubassets.com; form-action 'self' github.com gist.github.com; frame-ancestors 'none'; frame-src render.githubusercontent.com render-temp.githubusercontent.com viewscreen.githubusercontent.com; img-src 'self' data: github.githubassets.com identicons.github.com collector.githubapp.com github-cloud.s3.amazonaws.com secured-user-images.githubusercontent.com/ *.githubusercontent.com; manifest-src 'self'; media-src 'none'; script-src github.githubassets.com; style-src 'unsafe-inline' github.githubassets.com; worker-src github.com/socket-worker-3f088aa2.js gist.github.com/socket-worker-3f088aa2.js","x-github-request-id":"C1F2:4E27:17AEB2:1E821F:60D33E6F"}
[debug] [2021-06-23T14:00:09.201Z] >>> [apiv2][query] GET https://api.github.com/user [none]
[debug] [2021-06-23T14:00:09.608Z] <<< [apiv2][status] GET https://api.github.com/user 200
[debug] [2021-06-23T14:00:09.608Z] <<< [apiv2][body] GET https://api.github.com/user {"login":"muktiag29","id":74806017,"node_id":"MDQ6VXNlcjc0ODA2MDE3","avatar_url":"https://avatars.githubusercontent.com/u/74806017?v=4","gravatar_id":"","url":"https://api.github.com/users/muktiag29","html_url":"https://github.com/muktiag29","followers_url":"https://api.github.com/users/muktiag29/followers","following_url":"https://api.github.com/users/muktiag29/following{/other_user}","gists_url":"https://api.github.com/users/muktiag29/gists{/gist_id}","starred_url":"https://api.github.com/users/muktiag29/starred{/owner}{/repo}","subscriptions_url":"https://api.github.com/users/muktiag29/subscriptions","organizations_url":"https://api.github.com/users/muktiag29/orgs","repos_url":"https://api.github.com/users/muktiag29/repos","events_url":"https://api.github.com/users/muktiag29/events{/privacy}","received_events_url":"https://api.github.com/users/muktiag29/received_events","type":"User","site_admin":false,"name":"Mukti Aji Guno","company":null,"blog":"","location":null,"email":null,"hireable":null,"bio":null,"twitter_username":null,"public_repos":12,"public_gists":0,"followers":0,"following":0,"created_at":"2020-11-21T04:12:03Z","updated_at":"2021-06-23T11:51:20Z","private_gists":0,"total_private_repos":12,"owned_private_repos":0,"disk_usage":551,"collaborators":0,"two_factor_authentication":false,"plan":{"name":"free","space":976562499,"collaborators":0,"private_repos":10000}}
[info] 
[info] +  Success! Logged into GitHub as muktiag29 
[info] 
